# JRE version: OpenJDK Runtime Environment (8.0_212) (build 1.8.0_212-release-1586-b4-5784211)
# Java VM: OpenJDK 64-Bit Server VM (25.212-b4-5784211 mixed mode linux-amd64 compressed oops)
Heap:
 PSYoungGen      total 130048K, used 5088K [0x00000000d5580000, 0x00000000dd980000, 0x0000000100000000)
  eden space 124928K, 0% used [0x00000000d5580000,0x00000000d5580000,0x00000000dcf80000)
  from space 5120K, 99% used [0x00000000dcf80000,0x00000000dd478040,0x00000000dd480000)
  to   space 5120K, 0% used [0x00000000dd480000,0x00000000dd480000,0x00000000dd980000)
 ParOldGen       total 83456K, used 11528K [0x0000000080000000, 0x0000000085180000, 0x00000000d5580000)
  object space 83456K, 13% used [0x0000000080000000,0x0000000080b423c8,0x0000000085180000)
 Metaspace       used 20633K, capacity 21254K, committed 21296K, reserved 1067008K
  class space    used 2902K, capacity 3087K, committed 3120K, reserved 1048576K
GC Heap History (9 events):
Event: 0.452 GC heap before
{Heap before GC invocations=1 (full 0):
 PSYoungGen      total 36352K, used 31232K [0x00000000d5580000, 0x00000000d7e00000, 0x0000000100000000)
  eden space 31232K, 100% used [0x00000000d5580000,0x00000000d7400000,0x00000000d7400000)
  from space 5120K, 0% used [0x00000000d7900000,0x00000000d7900000,0x00000000d7e00000)
  to   space 5120K, 0% used [0x00000000d7400000,0x00000000d7400000,0x00000000d7900000)
 ParOldGen       total 83456K, used 0K [0x0000000080000000, 0x0000000085180000, 0x00000000d5580000)
  object space 83456K, 0% used [0x0000000080000000,0x0000000080000000,0x0000000085180000)
 Metaspace       used 6938K, capacity 7184K, committed 7424K, reserved 1056768K
  class space    used 865K, capacity 968K, committed 1024K, reserved 1048576K
Event: 0.457 GC heap after
Heap after GC invocations=1 (full 0):
 PSYoungGen      total 36352K, used 4339K [0x00000000d5580000, 0x00000000d9c80000, 0x0000000100000000)
  eden space 31232K, 0% used [0x00000000d5580000,0x00000000d5580000,0x00000000d7400000)
  from space 5120K, 84% used [0x00000000d7400000,0x00000000d783cf28,0x00000000d7900000)
  to   space 5120K, 0% used [0x00000000d9780000,0x00000000d9780000,0x00000000d9c80000)
 ParOldGen       total 83456K, used 8K [0x0000000080000000, 0x0000000085180000, 0x00000000d5580000)
  object space 83456K, 0% used [0x0000000080000000,0x0000000080002000,0x0000000085180000)
 Metaspace       used 6938K, capacity 7184K, committed 7424K, reserved 1056768K
  class space    used 865K, capacity 968K, committed 1024K, reserved 1048576K
}
Event: 0.624 GC heap before
{Heap before GC invocations=2 (full 0):
 PSYoungGen      total 36352K, used 35571K [0x00000000d5580000, 0x00000000d9c80000, 0x0000000100000000)
  eden space 31232K, 100% used [0x00000000d5580000,0x00000000d7400000,0x00000000d7400000)
  from space 5120K, 84% used [0x00000000d7400000,0x00000000d783cf28,0x00000000d7900000)
  to   space 5120K, 0% used [0x00000000d9780000,0x00000000d9780000,0x00000000d9c80000)
 ParOldGen       total 83456K, used 8K [0x0000000080000000, 0x0000000085180000, 0x00000000d5580000)
  object space 83456K, 0% used [0x0000000080000000,0x0000000080002000,0x0000000085180000)
 Metaspace       used 7481K, capacity 7752K, committed 8064K, reserved 1056768K
  class space    used 966K, capacity 1072K, committed 1152K, reserved 1048576K
Event: 0.627 GC heap after
Heap after GC invocations=2 (full 0):
 PSYoungGen      total 67584K, used 3901K [0x00000000d5580000, 0x00000000d9c80000, 0x0000000100000000)
  eden space 62464K, 0% used [0x00000000d5580000,0x00000000d5580000,0x00000000d9280000)
  from space 5120K, 76% used [0x00000000d9780000,0x00000000d9b4f780,0x00000000d9c80000)
  to   space 5120K, 0% used [0x00000000d9280000,0x00000000d9280000,0x00000000d9780000)
 ParOldGen       total 83456K, used 16K [0x0000000080000000, 0x0000000085180000, 0x00000000d5580000)
  object space 83456K, 0% used [0x0000000080000000,0x0000000080004000,0x0000000085180000)
 Metaspace       used 7481K, capacity 7752K, committed 8064K, reserved 1056768K
  class space    used 966K, capacity 1072K, committed 1152K, reserved 1048576K
}
Event: 1.116 GC heap before
{Heap before GC invocations=3 (full 0):
 PSYoungGen      total 67584K, used 66365K [0x00000000d5580000, 0x00000000d9c80000, 0x0000000100000000)
  eden space 62464K, 100% used [0x00000000d5580000,0x00000000d9280000,0x00000000d9280000)
  from space 5120K, 76% used [0x00000000d9780000,0x00000000d9b4f780,0x00000000d9c80000)
  to   space 5120K, 0% used [0x00000000d9280000,0x00000000d9280000,0x00000000d9780000)
 ParOldGen       total 83456K, used 16K [0x0000000080000000, 0x0000000085180000, 0x00000000d5580000)
  object space 83456K, 0% used [0x0000000080000000,0x0000000080004000,0x0000000085180000)
 Metaspace       used 15151K, capacity 15498K, committed 15744K, reserved 1062912K
  class space    used 2043K, capacity 2153K, committed 2176K, reserved 1048576K
Event: 1.125 GC heap after
Heap after GC invocations=3 (full 0):
 PSYoungGen      total 67584K, used 5088K [0x00000000d5580000, 0x00000000dd980000, 0x0000000100000000)
  eden space 62464K, 0% used [0x00000000d5580000,0x00000000d5580000,0x00000000d9280000)
  from space 5120K, 99% used [0x00000000d9280000,0x00000000d9778030,0x00000000d9780000)
  to   space 5120K, 0% used [0x00000000dd480000,0x00000000dd480000,0x00000000dd980000)
 ParOldGen       total 83456K, used 4561K [0x0000000080000000, 0x0000000085180000, 0x00000000d5580000)
  object space 83456K, 5% used [0x0000000080000000,0x00000000804745f0,0x0000000085180000)
 Metaspace       used 15151K, capacity 15498K, committed 15744K, reserved 1062912K
  class space    used 2043K, capacity 2153K, committed 2176K, reserved 1048576K
}
Event: 1.715 GC heap before
{Heap before GC invocations=4 (full 0):
 PSYoungGen      total 67584K, used 67552K [0x00000000d5580000, 0x00000000dd980000, 0x0000000100000000)
  eden space 62464K, 100% used [0x00000000d5580000,0x00000000d9280000,0x00000000d9280000)
  from space 5120K, 99% used [0x00000000d9280000,0x00000000d9778030,0x00000000d9780000)
  to   space 5120K, 0% used [0x00000000dd480000,0x00000000dd480000,0x00000000dd980000)
 ParOldGen       total 83456K, used 4561K [0x0000000080000000, 0x0000000085180000, 0x00000000d5580000)
  object space 83456K, 5% used [0x0000000080000000,0x00000000804745f0,0x0000000085180000)
 Metaspace       used 20309K, capacity 21030K, committed 21248K, reserved 1067008K
  class space    used 2853K, capacity 3055K, committed 3072K, reserved 1048576K
Event: 1.724 GC heap after
Heap after GC invocations=4 (full 0):
 PSYoungGen      total 130048K, used 5104K [0x00000000d5580000, 0x00000000dd980000, 0x0000000100000000)
  eden space 124928K, 0% used [0x00000000d5580000,0x00000000d5580000,0x00000000dcf80000)
  from space 5120K, 99% used [0x00000000dd480000,0x00000000dd97c050,0x00000000dd980000)
  to   space 5120K, 0% used [0x00000000dcf80000,0x00000000dcf80000,0x00000000dd480000)
 ParOldGen       total 83456K, used 11059K [0x0000000080000000, 0x0000000085180000, 0x00000000d5580000)
  object space 83456K, 13% used [0x0000000080000000,0x0000000080acce20,0x0000000085180000)
 Metaspace       used 20309K, capacity 21030K, committed 21248K, reserved 1067008K
  class space    used 2853K, capacity 3055K, committed 3072K, reserved 1048576K
}
Event: 1.912 GC heap before
{Heap before GC invocations=5 (full 0):
 PSYoungGen      total 130048K, used 11388K [0x00000000d5580000, 0x00000000dd980000, 0x0000000100000000)
  eden space 124928K, 5% used [0x00000000d5580000,0x00000000d5ba3108,0x00000000dcf80000)
  from space 5120K, 99% used [0x00000000dd480000,0x00000000dd97c050,0x00000000dd980000)
  to   space 5120K, 0% used [0x00000000dcf80000,0x00000000dcf80000,0x00000000dd480000)
 ParOldGen       total 83456K, used 11059K [0x0000000080000000, 0x0000000085180000, 0x00000000d5580000)
  object space 83456K, 13% used [0x0000000080000000,0x0000000080acce20,0x0000000085180000)
 Metaspace       used 20633K, capacity 21254K, committed 21296K, reserved 1067008K
  class space    used 2902K, capacity 3087K, committed 3120K, reserved 1048576K

